  Directory.cpp
C:\Users\asus\OneDrive\Máy tính\code\HDH\Project1\FAT32\Directory.cpp(39,89): warning C4018: '<': signed/unsigned mismatch
C:\Users\asus\OneDrive\Máy tính\code\HDH\Project1\FAT32\Directory.cpp(197,89): warning C4018: '<': signed/unsigned mismatch
C:\Users\asus\OneDrive\Máy tính\code\HDH\Project1\FAT32\Directory.cpp(213,26): warning C4267: 'initializing': conversion from 'size_t' to 'int', possible loss of data
  Disk.cpp
C:\Users\asus\OneDrive\Máy tính\code\HDH\Project1\FAT32\Disk.cpp(79,30): warning C4267: 'initializing': conversion from 'size_t' to 'int', possible loss of data
C:\Users\asus\OneDrive\Máy tính\code\HDH\Project1\FAT32\Disk.cpp(143,13): warning C4129: ' ': unrecognized character escape sequence
C:\Users\asus\OneDrive\Máy tính\code\HDH\Project1\FAT32\Disk.cpp(171,25): warning C4018: '>': signed/unsigned mismatch
C:\Users\asus\OneDrive\Máy tính\code\HDH\Project1\FAT32\Disk.cpp(182,17): warning C4129: ' ': unrecognized character escape sequence
  FAT32.cpp
C:\Users\asus\OneDrive\Máy tính\code\HDH\Project1\FAT32\FAT32.cpp(15,34): warning C4244: 'return': conversion from 'DWORD' to 'UINT16', possible loss of data
C:\Users\asus\OneDrive\Máy tính\code\HDH\Project1\FAT32\FAT32.cpp(30,22): warning C4244: 'return': conversion from 'DWORD' to 'UINT16', possible loss of data
C:\Users\asus\OneDrive\Máy tính\code\HDH\Project1\FAT32\FAT32.cpp(36,13): warning C4129: ' ': unrecognized character escape sequence
  Func.cpp
C:\Users\asus\OneDrive\Máy tính\code\HDH\Project1\FAT32\Func.cpp(30,35): warning C4267: 'initializing': conversion from 'size_t' to 'int', possible loss of data
C:\Users\asus\OneDrive\Máy tính\code\HDH\Project1\FAT32\Func.cpp(36,18): warning C4244: '=': conversion from '__int64' to 'long', possible loss of data
C:\Users\asus\OneDrive\Máy tính\code\HDH\Project1\FAT32\Func.cpp(39,18): warning C4244: '=': conversion from '__int64' to 'long', possible loss of data
C:\Users\asus\OneDrive\Máy tính\code\HDH\Project1\FAT32\Func.cpp(110,26): warning C4554: '>>': check operator precedence for possible error; use parentheses to clarify precedence
C:\Users\asus\OneDrive\Máy tính\code\HDH\Project1\FAT32\Func.cpp(115,27): warning C4554: '>>': check operator precedence for possible error; use parentheses to clarify precedence
C:\Users\asus\OneDrive\Máy tính\code\HDH\Project1\FAT32\Func.cpp(133,26): warning C4554: '>>': check operator precedence for possible error; use parentheses to clarify precedence
C:\Users\asus\OneDrive\Máy tính\code\HDH\Project1\FAT32\Func.cpp(138,26): warning C4554: '>>': check operator precedence for possible error; use parentheses to clarify precedence
  main.cpp
  Generating Code...
  LINK : C:\Users\asus\OneDrive\Máy tính\code\HDH\Project1\x64\Debug\FAT32.exe not found or not built by the last incremental link; performing full link
  FAT32.vcxproj -> C:\Users\asus\OneDrive\Máy tính\code\HDH\Project1\x64\Debug\FAT32.exe
